# JRE version: Java(TM) SE Runtime Environment (8.0_111-b14) (build 1.8.0_111-b14)
# Java VM: Java HotSpot(TM) 64-Bit Server VM (25.111-b14 mixed mode windows-amd64 compressed oops)
Heap:
 PSYoungGen      total 53248K, used 7187K [0x00000000eb400000, 0x00000000ef800000, 0x0000000100000000)
  eden space 39936K, 17% used [0x00000000eb400000,0x00000000ebb04ec0,0x00000000edb00000)
  from space 13312K, 0% used [0x00000000ee800000,0x00000000ee800000,0x00000000ef500000)
  to   space 13312K, 0% used [0x00000000edb00000,0x00000000edb00000,0x00000000ee800000)
 ParOldGen       total 137728K, used 62903K [0x00000000c1c00000, 0x00000000ca280000, 0x00000000eb400000)
  object space 137728K, 45% used [0x00000000c1c00000,0x00000000c596dff8,0x00000000ca280000)
 Metaspace       used 36347K, capacity 37856K, committed 38016K, reserved 1081344K
  class space    used 4901K, capacity 5207K, committed 5248K, reserved 1048576K
GC Heap History (10 events):
Event: 4.871 GC heap before
{Heap before GC invocations=7 (full 1):
 PSYoungGen      total 25600K, used 5031K [0x00000000eb400000, 0x00000000eed80000, 0x0000000100000000)
  eden space 23040K, 10% used [0x00000000eb400000,0x00000000eb669d80,0x00000000eca80000)
  from space 2560K, 100% used [0x00000000eca80000,0x00000000ecd00000,0x00000000ecd00000)
  to   space 13824K, 0% used [0x00000000ee000000,0x00000000ee000000,0x00000000eed80000)
 ParOldGen       total 74240K, used 52169K [0x00000000c1c00000, 0x00000000c6480000, 0x00000000eb400000)
  object space 74240K, 70% used [0x00000000c1c00000,0x00000000c4ef2630,0x00000000c6480000)
 Metaspace       used 20616K, capacity 21878K, committed 21976K, reserved 1069056K
  class space    used 2902K, capacity 3172K, committed 3200K, reserved 1048576K
Event: 4.885 GC heap after
Heap after GC invocations=7 (full 1):
 PSYoungGen      total 44032K, used 3024K [0x00000000eb400000, 0x00000000eec80000, 0x0000000100000000)
  eden space 31232K, 0% used [0x00000000eb400000,0x00000000eb400000,0x00000000ed280000)
  from space 12800K, 23% used [0x00000000ee000000,0x00000000ee2f4010,0x00000000eec80000)
  to   space 13312K, 0% used [0x00000000ed280000,0x00000000ed280000,0x00000000edf80000)
 ParOldGen       total 74240K, used 52177K [0x00000000c1c00000, 0x00000000c6480000, 0x00000000eb400000)
  object space 74240K, 70% used [0x00000000c1c00000,0x00000000c4ef4630,0x00000000c6480000)
 Metaspace       used 20616K, capacity 21878K, committed 21976K, reserved 1069056K
  class space    used 2902K, capacity 3172K, committed 3200K, reserved 1048576K
}
Event: 4.885 GC heap before
{Heap before GC invocations=8 (full 2):
 PSYoungGen      total 44032K, used 3024K [0x00000000eb400000, 0x00000000eec80000, 0x0000000100000000)
  eden space 31232K, 0% used [0x00000000eb400000,0x00000000eb400000,0x00000000ed280000)
  from space 12800K, 23% used [0x00000000ee000000,0x00000000ee2f4010,0x00000000eec80000)
  to   space 13312K, 0% used [0x00000000ed280000,0x00000000ed280000,0x00000000edf80000)
 ParOldGen       total 74240K, used 52177K [0x00000000c1c00000, 0x00000000c6480000, 0x00000000eb400000)
  object space 74240K, 70% used [0x00000000c1c00000,0x00000000c4ef4630,0x00000000c6480000)
 Metaspace       used 20616K, capacity 21878K, committed 21976K, reserved 1069056K
  class space    used 2902K, capacity 3172K, committed 3200K, reserved 1048576K
Event: 4.995 GC heap after
Heap after GC invocations=8 (full 2):
 PSYoungGen      total 44032K, used 0K [0x00000000eb400000, 0x00000000eec80000, 0x0000000100000000)
  eden space 31232K, 0% used [0x00000000eb400000,0x00000000eb400000,0x00000000ed280000)
  from space 12800K, 0% used [0x00000000ee000000,0x00000000ee000000,0x00000000eec80000)
  to   space 13312K, 0% used [0x00000000ed280000,0x00000000ed280000,0x00000000edf80000)
 ParOldGen       total 114176K, used 54902K [0x00000000c1c00000, 0x00000000c8b80000, 0x00000000eb400000)
  object space 114176K, 48% used [0x00000000c1c00000,0x00000000c519d9c8,0x00000000c8b80000)
 Metaspace       used 20616K, capacity 21878K, committed 21976K, reserved 1069056K
  class space    used 2902K, capacity 3172K, committed 3200K, reserved 1048576K
}
Event: 12.581 GC heap before
{Heap before GC invocations=9 (full 2):
 PSYoungGen      total 44032K, used 31232K [0x00000000eb400000, 0x00000000eec80000, 0x0000000100000000)
  eden space 31232K, 100% used [0x00000000eb400000,0x00000000ed280000,0x00000000ed280000)
  from space 12800K, 0% used [0x00000000ee000000,0x00000000ee000000,0x00000000eec80000)
  to   space 13312K, 0% used [0x00000000ed280000,0x00000000ed280000,0x00000000edf80000)
 ParOldGen       total 114176K, used 54902K [0x00000000c1c00000, 0x00000000c8b80000, 0x00000000eb400000)
  object space 114176K, 48% used [0x00000000c1c00000,0x00000000c519d9c8,0x00000000c8b80000)
 Metaspace       used 30894K, capacity 32366K, committed 32512K, reserved 1077248K
  class space    used 4246K, capacity 4551K, committed 4608K, reserved 1048576K
Event: 12.590 GC heap after
Heap after GC invocations=9 (full 2):
 PSYoungGen      total 44544K, used 7280K [0x00000000eb400000, 0x00000000ef500000, 0x0000000100000000)
  eden space 31232K, 0% used [0x00000000eb400000,0x00000000eb400000,0x00000000ed280000)
  from space 13312K, 54% used [0x00000000ed280000,0x00000000ed99c398,0x00000000edf80000)
  to   space 13312K, 0% used [0x00000000ee800000,0x00000000ee800000,0x00000000ef500000)
 ParOldGen       total 114176K, used 54910K [0x00000000c1c00000, 0x00000000c8b80000, 0x00000000eb400000)
  object space 114176K, 48% used [0x00000000c1c00000,0x00000000c519f9c8,0x00000000c8b80000)
 Metaspace       used 30894K, capacity 32366K, committed 32512K, reserved 1077248K
  class space    used 4246K, capacity 4551K, committed 4608K, reserved 1048576K
}
Event: 12.871 GC heap before
{Heap before GC invocations=10 (full 2):
 PSYoungGen      total 44544K, used 24700K [0x00000000eb400000, 0x00000000ef500000, 0x0000000100000000)
  eden space 31232K, 55% used [0x00000000eb400000,0x00000000ec502c78,0x00000000ed280000)
  from space 13312K, 54% used [0x00000000ed280000,0x00000000ed99c398,0x00000000edf80000)
  to   space 13312K, 0% used [0x00000000ee800000,0x00000000ee800000,0x00000000ef500000)
 ParOldGen       total 114176K, used 54910K [0x00000000c1c00000, 0x00000000c8b80000, 0x00000000eb400000)
  object space 114176K, 48% used [0x00000000c1c00000,0x00000000c519f9c8,0x00000000c8b80000)
 Metaspace       used 35014K, capacity 36538K, committed 36628K, reserved 1081344K
  class space    used 4676K, capacity 4982K, committed 4992K, reserved 1048576K
Event: 12.881 GC heap after
Heap after GC invocations=10 (full 2):
 PSYoungGen      total 53248K, used 8290K [0x00000000eb400000, 0x00000000ef800000, 0x0000000100000000)
  eden space 39936K, 0% used [0x00000000eb400000,0x00000000eb400000,0x00000000edb00000)
  from space 13312K, 62% used [0x00000000ee800000,0x00000000ef018a48,0x00000000ef500000)
  to   space 13312K, 0% used [0x00000000edb00000,0x00000000edb00000,0x00000000ee800000)
 ParOldGen       total 114176K, used 54918K [0x00000000c1c00000, 0x00000000c8b80000, 0x00000000eb400000)
  object space 114176K, 48% used [0x00000000c1c00000,0x00000000c51a19c8,0x00000000c8b80000)
 Metaspace       used 35014K, capacity 36538K, committed 36628K, reserved 1081344K
  class space    used 4676K, capacity 4982K, committed 4992K, reserved 1048576K
}
Event: 12.881 GC heap before
{Heap before GC invocations=11 (full 3):
 PSYoungGen      total 53248K, used 8290K [0x00000000eb400000, 0x00000000ef800000, 0x0000000100000000)
  eden space 39936K, 0% used [0x00000000eb400000,0x00000000eb400000,0x00000000edb00000)
  from space 13312K, 62% used [0x00000000ee800000,0x00000000ef018a48,0x00000000ef500000)
  to   space 13312K, 0% used [0x00000000edb00000,0x00000000edb00000,0x00000000ee800000)
 ParOldGen       total 114176K, used 54918K [0x00000000c1c00000, 0x00000000c8b80000, 0x00000000eb400000)
  object space 114176K, 48% used [0x00000000c1c00000,0x00000000c51a19c8,0x00000000c8b80000)
 Metaspace       used 35014K, capacity 36538K, committed 36628K, reserved 1081344K
  class space    used 4676K, capacity 4982K, committed 4992K, reserved 1048576K
Event: 13.015 GC heap after
Heap after GC invocations=11 (full 3):
 PSYoungGen      total 53248K, used 0K [0x00000000eb400000, 0x00000000ef800000, 0x0000000100000000)
  eden space 39936K, 0% used [0x00000000eb400000,0x00000000eb400000,0x00000000edb00000)
  from space 13312K, 0% used [0x00000000ee800000,0x00000000ee800000,0x00000000ef500000)
  to   space 13312K, 0% used [0x00000000edb00000,0x00000000edb00000,0x00000000ee800000)
 ParOldGen       total 137728K, used 62903K [0x00000000c1c00000, 0x00000000ca280000, 0x00000000eb400000)
  object space 137728K, 45% used [0x00000000c1c00000,0x00000000c596dff8,0x00000000ca280000)
 Metaspace       used 35014K, capacity 36538K, committed 36628K, reserved 1081344K
  class space    used 4676K, capacity 4982K, committed 4992K, reserved 1048576K
}

