# JRE version: Java(TM) SE Runtime Environment (8.0_111-b14) (build 1.8.0_111-b14)
# Java VM: Java HotSpot(TM) 64-Bit Server VM (25.111-b14 mixed mode windows-amd64 compressed oops)
Heap:
 PSYoungGen      total 41472K, used 24081K [0x00000000eb400000, 0x00000000ee880000, 0x0000000100000000)
  eden space 31232K, 77% used [0x00000000eb400000,0x00000000ecb844a0,0x00000000ed280000)
  from space 10240K, 0% used [0x00000000ede80000,0x00000000ede80000,0x00000000ee880000)
  to   space 11264K, 0% used [0x00000000ed280000,0x00000000ed280000,0x00000000edd80000)
 ParOldGen       total 112640K, used 54912K [0x00000000c1c00000, 0x00000000c8a00000, 0x00000000eb400000)
  object space 112640K, 48% used [0x00000000c1c00000,0x00000000c51a0260,0x00000000c8a00000)
 Metaspace       used 29300K, capacity 30808K, committed 31104K, reserved 1075200K
  class space    used 4072K, capacity 4397K, committed 4480K, reserved 1048576K
GC Heap History (10 events):
Event: 1.678 GC heap before
{Heap before GC invocations=4 (full 1):
 PSYoungGen      total 18944K, used 15073K [0x00000000eb400000, 0x00000000ed900000, 0x0000000100000000)
  eden space 16384K, 92% used [0x00000000eb400000,0x00000000ec2b8778,0x00000000ec400000)
  from space 2560K, 0% used [0x00000000ec680000,0x00000000ec680000,0x00000000ec900000)
  to   space 2560K, 0% used [0x00000000ec400000,0x00000000ec400000,0x00000000ec680000)
 ParOldGen       total 74240K, used 34125K [0x00000000c1c00000, 0x00000000c6480000, 0x00000000eb400000)
  object space 74240K, 45% used [0x00000000c1c00000,0x00000000c3d53580,0x00000000c6480000)
 Metaspace       used 14980K, capacity 15528K, committed 15872K, reserved 1062912K
  class space    used 2037K, capacity 2199K, committed 2304K, reserved 1048576K
Event: 1.683 GC heap after
Heap after GC invocations=4 (full 1):
 PSYoungGen      total 18944K, used 1926K [0x00000000eb400000, 0x00000000ed000000, 0x0000000100000000)
  eden space 16384K, 0% used [0x00000000eb400000,0x00000000eb400000,0x00000000ec400000)
  from space 2560K, 75% used [0x00000000ec400000,0x00000000ec5e1940,0x00000000ec680000)
  to   space 2560K, 0% used [0x00000000ecd80000,0x00000000ecd80000,0x00000000ed000000)
 ParOldGen       total 74240K, used 42256K [0x00000000c1c00000, 0x00000000c6480000, 0x00000000eb400000)
  object space 74240K, 56% used [0x00000000c1c00000,0x00000000c45441a0,0x00000000c6480000)
 Metaspace       used 14980K, capacity 15528K, committed 15872K, reserved 1062912K
  class space    used 2037K, capacity 2199K, committed 2304K, reserved 1048576K
}
Event: 2.351 GC heap before
{Heap before GC invocations=5 (full 1):
 PSYoungGen      total 18944K, used 18310K [0x00000000eb400000, 0x00000000ed000000, 0x0000000100000000)
  eden space 16384K, 100% used [0x00000000eb400000,0x00000000ec400000,0x00000000ec400000)
  from space 2560K, 75% used [0x00000000ec400000,0x00000000ec5e1940,0x00000000ec680000)
  to   space 2560K, 0% used [0x00000000ecd80000,0x00000000ecd80000,0x00000000ed000000)
 ParOldGen       total 74240K, used 42256K [0x00000000c1c00000, 0x00000000c6480000, 0x00000000eb400000)
  object space 74240K, 56% used [0x00000000c1c00000,0x00000000c45441a0,0x00000000c6480000)
 Metaspace       used 16368K, capacity 17044K, committed 17152K, reserved 1064960K
  class space    used 2275K, capacity 2481K, committed 2560K, reserved 1048576K
Event: 2.356 GC heap after
Heap after GC invocations=5 (full 1):
 PSYoungGen      total 25600K, used 2438K [0x00000000eb400000, 0x00000000ed000000, 0x0000000100000000)
  eden space 23040K, 0% used [0x00000000eb400000,0x00000000eb400000,0x00000000eca80000)
  from space 2560K, 95% used [0x00000000ecd80000,0x00000000ecfe1940,0x00000000ed000000)
  to   space 2560K, 0% used [0x00000000ecb00000,0x00000000ecb00000,0x00000000ecd80000)
 ParOldGen       total 74240K, used 48339K [0x00000000c1c00000, 0x00000000c6480000, 0x00000000eb400000)
  object space 74240K, 65% used [0x00000000c1c00000,0x00000000c4b34db0,0x00000000c6480000)
 Metaspace       used 16368K, capacity 17044K, committed 17152K, reserved 1064960K
  class space    used 2275K, capacity 2481K, committed 2560K, reserved 1048576K
}
Event: 3.762 GC heap before
{Heap before GC invocations=6 (full 1):
 PSYoungGen      total 25600K, used 25478K [0x00000000eb400000, 0x00000000ed000000, 0x0000000100000000)
  eden space 23040K, 100% used [0x00000000eb400000,0x00000000eca80000,0x00000000eca80000)
  from space 2560K, 95% used [0x00000000ecd80000,0x00000000ecfe1940,0x00000000ed000000)
  to   space 2560K, 0% used [0x00000000ecb00000,0x00000000ecb00000,0x00000000ecd80000)
 ParOldGen       total 74240K, used 48339K [0x00000000c1c00000, 0x00000000c6480000, 0x00000000eb400000)
  object space 74240K, 65% used [0x00000000c1c00000,0x00000000c4b34db0,0x00000000c6480000)
 Metaspace       used 19276K, capacity 20578K, committed 20864K, reserved 1067008K
  class space    used 2791K, capacity 3082K, committed 3200K, reserved 1048576K
Event: 3.771 GC heap after
Heap after GC invocations=6 (full 1):
 PSYoungGen      total 26112K, used 2547K [0x00000000eb400000, 0x00000000eea00000, 0x0000000100000000)
  eden space 23552K, 0% used [0x00000000eb400000,0x00000000eb400000,0x00000000ecb00000)
  from space 2560K, 99% used [0x00000000ecb00000,0x00000000ecd7ceb0,0x00000000ecd80000)
  to   space 11776K, 0% used [0x00000000ede80000,0x00000000ede80000,0x00000000eea00000)
 ParOldGen       total 74240K, used 52132K [0x00000000c1c00000, 0x00000000c6480000, 0x00000000eb400000)
  object space 74240K, 70% used [0x00000000c1c00000,0x00000000c4ee9060,0x00000000c6480000)
 Metaspace       used 19276K, capacity 20578K, committed 20864K, reserved 1067008K
  class space    used 2791K, capacity 3082K, committed 3200K, reserved 1048576K
}
Event: 4.835 GC heap before
{Heap before GC invocations=7 (full 1):
 PSYoungGen      total 26112K, used 5086K [0x00000000eb400000, 0x00000000eea00000, 0x0000000100000000)
  eden space 23552K, 10% used [0x00000000eb400000,0x00000000eb67ac00,0x00000000ecb00000)
  from space 2560K, 99% used [0x00000000ecb00000,0x00000000ecd7ceb0,0x00000000ecd80000)
  to   space 11776K, 0% used [0x00000000ede80000,0x00000000ede80000,0x00000000eea00000)
 ParOldGen       total 74240K, used 52132K [0x00000000c1c00000, 0x00000000c6480000, 0x00000000eb400000)
  object space 74240K, 70% used [0x00000000c1c00000,0x00000000c4ee9060,0x00000000c6480000)
 Metaspace       used 20676K, capacity 21902K, committed 21976K, reserved 1069056K
  class space    used 2907K, capacity 3182K, committed 3200K, reserved 1048576K
Event: 4.841 GC heap after
Heap after GC invocations=7 (full 1):
 PSYoungGen      total 41472K, used 3059K [0x00000000eb400000, 0x00000000ee880000, 0x0000000100000000)
  eden space 31232K, 0% used [0x00000000eb400000,0x00000000eb400000,0x00000000ed280000)
  from space 10240K, 29% used [0x00000000ede80000,0x00000000ee17ceb0,0x00000000ee880000)
  to   space 11264K, 0% used [0x00000000ed280000,0x00000000ed280000,0x00000000edd80000)
 ParOldGen       total 74240K, used 52140K [0x00000000c1c00000, 0x00000000c6480000, 0x00000000eb400000)
  object space 74240K, 70% used [0x00000000c1c00000,0x00000000c4eeb060,0x00000000c6480000)
 Metaspace       used 20676K, capacity 21902K, committed 21976K, reserved 1069056K
  class space    used 2907K, capacity 3182K, committed 3200K, reserved 1048576K
}
Event: 4.841 GC heap before
{Heap before GC invocations=8 (full 2):
 PSYoungGen      total 41472K, used 3059K [0x00000000eb400000, 0x00000000ee880000, 0x0000000100000000)
  eden space 31232K, 0% used [0x00000000eb400000,0x00000000eb400000,0x00000000ed280000)
  from space 10240K, 29% used [0x00000000ede80000,0x00000000ee17ceb0,0x00000000ee880000)
  to   space 11264K, 0% used [0x00000000ed280000,0x00000000ed280000,0x00000000edd80000)
 ParOldGen       total 74240K, used 52140K [0x00000000c1c00000, 0x00000000c6480000, 0x00000000eb400000)
  object space 74240K, 70% used [0x00000000c1c00000,0x00000000c4eeb060,0x00000000c6480000)
 Metaspace       used 20676K, capacity 21902K, committed 21976K, reserved 1069056K
  class space    used 2907K, capacity 3182K, committed 3200K, reserved 1048576K
Event: 4.906 GC heap after
Heap after GC invocations=8 (full 2):
 PSYoungGen      total 41472K, used 0K [0x00000000eb400000, 0x00000000ee880000, 0x0000000100000000)
  eden space 31232K, 0% used [0x00000000eb400000,0x00000000eb400000,0x00000000ed280000)
  from space 10240K, 0% used [0x00000000ede80000,0x00000000ede80000,0x00000000ee880000)
  to   space 11264K, 0% used [0x00000000ed280000,0x00000000ed280000,0x00000000edd80000)
 ParOldGen       total 112640K, used 54912K [0x00000000c1c00000, 0x00000000c8a00000, 0x00000000eb400000)
  object space 112640K, 48% used [0x00000000c1c00000,0x00000000c51a0260,0x00000000c8a00000)
 Metaspace       used 20676K, capacity 21902K, committed 21976K, reserved 1069056K
  class space    used 2907K, capacity 3182K, committed 3200K, reserved 1048576K
}

